
The following files have been resolved:
   org.eclipse.jetty:jetty-http:jar:9.4.30.v20200611:compile
   com.github.jknack:handlebars-guava-cache:jar:4.0.6:compile
   org.slf4j:slf4j-simple:jar:1.7.21:compile
   com.google.code.findbugs:jsr305:jar:1.3.9:compile
   org.eclipse.jetty:jetty-io:jar:9.4.30.v20200611:compile
   org.eclipse.jetty.websocket:websocket-client:jar:9.4.30.v20200611:compile
   com.google.code.findbugs:annotations:jar:2.0.3:compile
   com.github.rkmk:jdbi-folder:jar:1.3:compile
   org.jdbi:jdbi:jar:2.55:compile
   org.eclipse.jetty:jetty-webapp:jar:9.4.30.v20200611:compile
   com.google.j2objc:j2objc-annotations:jar:1.1:compile
   org.codehaus.mojo:animal-sniffer-annotations:jar:1.14:compile
   org.eclipse.jetty:jetty-security:jar:9.4.30.v20200611:compile
   com.sparkjava:spark-template-handlebars:jar:2.7.1:compile
   com.sparkjava:spark-core:jar:2.9.2:compile
   antlr:antlr:jar:2.7.7:compile
   mysql:mysql-connector-java:jar:5.1.34:compile
   org.antlr:stringtemplate:jar:3.2.1:compile
   com.google.errorprone:error_prone_annotations:jar:2.0.18:compile
   org.eclipse.jetty.websocket:websocket-api:jar:9.4.30.v20200611:compile
   com.google.guava:guava:jar:23.0:compile
   org.eclipse.jetty:jetty-client:jar:9.4.30.v20200611:compile
   org.postgresql:postgresql:jar:42.2.7:compile
   com.github.jknack:handlebars:jar:4.0.6:compile
   javax.servlet:javax.servlet-api:jar:3.1.0:compile
   org.eclipse.jetty:jetty-util:jar:9.4.30.v20200611:compile
   postgresql:postgresql:jar:9.0-801.jdbc4:compile
   org.eclipse.jetty.websocket:websocket-server:jar:9.4.30.v20200611:compile
   org.slf4j:slf4j-api:jar:1.7.25:compile
   org.jdbi:jdbi3-core:jar:3.1.0:compile
   org.eclipse.jetty:jetty-server:jar:9.4.30.v20200611:compile
   org.mozilla:rhino:jar:1.7R4:compile
   net.jodah:expiringmap:jar:0.5.6:compile
   org.antlr:antlr4-runtime:jar:4.5.1-1:compile
   org.eclipse.jetty.websocket:websocket-servlet:jar:9.4.30.v20200611:compile
   org.eclipse.jetty:jetty-servlet:jar:9.4.30.v20200611:compile
   org.eclipse.jetty.websocket:websocket-common:jar:9.4.30.v20200611:compile
   org.eclipse.jetty:jetty-xml:jar:9.4.30.v20200611:compile
   org.apache.commons:commons-lang3:jar:3.1:compile
   org.antlr:antlr-runtime:jar:3.4:compile

